<?xml version="1.0" encoding="UTF-8"?>
<!-- Generated by org.testng.reporters.JUnitReportReporter -->
<testsuite hostname="aham" failures="0" tests="4" name="api.test.UserTest" time="1.753" errors="0" timestamp="2024-02-11T23:11:01 IST" skipped="0">
  <testcase classname="api.test.UserTest" name="testpostUser" time="1.488"/>
  <system-out/>
  <testcase classname="api.test.UserTest" name="testgetUser" time="0.060"/>
  <system-out/>
  <testcase classname="api.test.UserTest" name="testupdateUser" time="0.143"/>
  <system-out/>
  <testcase classname="api.test.UserTest" name="testdeleteUser" time="0.062"/>
  <system-out/>
</testsuite> <!-- api.test.UserTest -->
